

-----------------------------------------
16:42:19.275 : Starting log.
16:42:19.275 INFO : Cataclysm DDA version 0.C
16:42:19.279 INFO : Number of render drivers on your system: 4
16:42:19.279 INFO : Render driver: 0/opengl
16:42:19.279 INFO : Render driver: 1/opengles2
16:42:19.279 INFO : Render driver: 2/opengles
16:42:19.279 INFO : Render driver: 3/software
16:42:19.281 INFO : Language is set to: 'zh_CN'
16:42:19.304 INFO : SDL version used during compile is 2.0.9
16:42:19.304 INFO : SDL version used during linking and in runtime is 2.0.9
16:42:19.439 INFO : Active renderer: 3/software
16:42:19.483 INFO : USE_COLOR_MODULATED_TEXTURES is set to 0
16:42:19.542 WARNING : opendir [/home/gaffey/.local/share/cataclysm-dda/mods/] failed with "没有那个文件或目录".
16:42:28.308 ERROR : (error message will follow backtrace)
	cataclysm-tiles(_Z21debug_write_backtraceRSo+0x44) [0x55ac2640c237]
	cataclysm-tiles(_Z8DebugLog10DebugLevel10DebugClass+0x11e) [0x55ac2640c803]
	cataclysm-tiles(_Z12realDebugmsgPKcS0_S0_RKNSt7__cxx1112basic_stringIcSt11char_traitsIcESaIcEEE+0x149) [0x55ac2640cdf5]
	cataclysm-tiles(_Z12realDebugmsgIJPKcS1_EEvS1_S1_S1_S1_DpOT_+0xee) [0x55ac26297dde]
	cataclysm-tiles(_ZNK15options_manager4cOpt8value_asIbEET_v+0x60) [0x55ac267cdfee]
	cataclysm-tiles(_ZN15options_manager4showB5cxx11Ebb+0x7fd) [0x55ac267d9e75]
	cataclysm-tiles(_ZN9main_menu14opening_screenEv+0xeda) [0x55ac26610f90]
	cataclysm-tiles(main+0x15ef) [0x55ac26274d8f]
	/usr/lib/libc.so.6(__libc_start_main+0xf3) [0x7f2ac4885223]
	cataclysm-tiles(_start+0x2e) [0x55ac2628e94e]

	Attempting to repeat stack trace using debug symbols...
	debug_write_backtrace(std::ostream&)
	??:?
	DebugLog(DebugLevel, DebugClass)
	??:?
	realDebugmsg(char const*, char const*, char const*, std::__cxx11::basic_string<char, std::char_traits<char>, std::allocator<char> > const&)
	??:?
	void realDebugmsg<char const*, char const*>(char const*, char const*, char const*, char const*, char const*&&, char const*&&)
	??:?
	bool options_manager::cOpt::value_as<bool>() const
	??:?
	options_manager::show[abi:cxx11](bool, bool)
	??:?
	main_menu::opening_screen()
	??:?
	main
	??:?
	__libc_start_main
	??:?
	_start
	??:?
Backtrace emission took 0 seconds.
src/options.cpp:547 [T options_manager::cOpt::value_as() const [with T = bool]] RENDERER tried to get boolean value from option of type string_select
16:42:31.964 ERROR : src/options.cpp:547 [T options_manager::cOpt::value_as() const [with T = bool]] RENDERER tried to get boolean value from option of type string_select
16:42:32.464 ERROR : src/options.cpp:547 [T options_manager::cOpt::value_as() const [with T = bool]] RENDERER tried to get boolean value from option of type string_select
16:42:32.515 ERROR : src/options.cpp:547 [T options_manager::cOpt::value_as() const [with T = bool]] RENDERER tried to get boolean value from option of type string_select
16:42:32.565 ERROR : src/options.cpp:547 [T options_manager::cOpt::value_as() const [with T = bool]] RENDERER tried to get boolean value from option of type string_select
16:42:32.614 ERROR : src/options.cpp:547 [T options_manager::cOpt::value_as() const [with T = bool]] RENDERER tried to get boolean value from option of type string_select
16:42:32.664 ERROR : src/options.cpp:547 [T options_manager::cOpt::value_as() const [with T = bool]] RENDERER tried to get boolean value from option of type string_select
16:42:32.714 ERROR : src/options.cpp:547 [T options_manager::cOpt::value_as() const [with T = bool]] RENDERER tried to get boolean value from option of type string_select
16:42:32.764 ERROR : src/options.cpp:547 [T options_manager::cOpt::value_as() const [with T = bool]] RENDERER tried to get boolean value from option of type string_select
16:42:32.765 ERROR : src/options.cpp:547 [T options_manager::cOpt::value_as() const [with T = bool]] RENDERER tried to get boolean value from option of type string_select
16:42:32.814 ERROR : src/options.cpp:547 [T options_manager::cOpt::value_as() const [with T = bool]] RENDERER tried to get boolean value from option of type string_select
16:42:34.020 ERROR : src/options.cpp:547 [T options_manager::cOpt::value_as() const [with T = bool]] RENDERER tried to get boolean value from option of type string_select
16:42:34.211 ERROR : src/options.cpp:547 [T options_manager::cOpt::value_as() const [with T = bool]] RENDERER tried to get boolean value from option of type string_select
16:42:34.708 ERROR : src/options.cpp:547 [T options_manager::cOpt::value_as() const [with T = bool]] RENDERER tried to get boolean value from option of type string_select
16:42:34.923 ERROR : src/options.cpp:547 [T options_manager::cOpt::value_as() const [with T = bool]] RENDERER tried to get boolean value from option of type string_select
16:42:34.923 ERROR : src/options.cpp:547 [T options_manager::cOpt::value_as() const [with T = bool]] RENDERER tried to get boolean value from option of type string_select
16:42:35.284 ERROR : src/options.cpp:547 [T options_manager::cOpt::value_as() const [with T = bool]] RENDERER tried to get boolean value from option of type string_select
16:42:39.868 ERROR : src/options.cpp:547 [T options_manager::cOpt::value_as() const [with T = bool]] RENDERER tried to get boolean value from option of type string_select
16:42:39.919 ERROR : src/options.cpp:547 [T options_manager::cOpt::value_as() const [with T = bool]] RENDERER tried to get boolean value from option of type string_select
16:42:39.968 ERROR : src/options.cpp:547 [T options_manager::cOpt::value_as() const [with T = bool]] RENDERER tried to get boolean value from option of type string_select
16:42:40.018 ERROR : src/options.cpp:547 [T options_manager::cOpt::value_as() const [with T = bool]] RENDERER tried to get boolean value from option of type string_select
16:42:40.067 ERROR : src/options.cpp:547 [T options_manager::cOpt::value_as() const [with T = bool]] RENDERER tried to get boolean value from option of type string_select
16:42:40.119 ERROR : src/options.cpp:547 [T options_manager::cOpt::value_as() const [with T = bool]] RENDERER tried to get boolean value from option of type string_select
16:42:40.167 ERROR : src/options.cpp:547 [T options_manager::cOpt::value_as() const [with T = bool]] RENDERER tried to get boolean value from option of type string_select
16:42:40.219 ERROR : src/options.cpp:547 [T options_manager::cOpt::value_as() const [with T = bool]] RENDERER tried to get boolean value from option of type string_select
16:42:40.269 ERROR : src/options.cpp:547 [T options_manager::cOpt::value_as() const [with T = bool]] RENDERER tried to get boolean value from option of type string_select
16:42:40.270 ERROR : src/options.cpp:547 [T options_manager::cOpt::value_as() const [with T = bool]] RENDERER tried to get boolean value from option of type string_select
16:42:40.319 ERROR : src/options.cpp:547 [T options_manager::cOpt::value_as() const [with T = bool]] RENDERER tried to get boolean value from option of type string_select
16:42:40.603 ERROR : src/options.cpp:547 [T options_manager::cOpt::value_as() const [with T = bool]] RENDERER tried to get boolean value from option of type string_select
16:42:40.780 ERROR : src/options.cpp:547 [T options_manager::cOpt::value_as() const [with T = bool]] RENDERER tried to get boolean value from option of type string_select
16:42:41.092 ERROR : src/options.cpp:547 [T options_manager::cOpt::value_as() const [with T = bool]] RENDERER tried to get boolean value from option of type string_select
16:42:41.291 ERROR : src/options.cpp:547 [T options_manager::cOpt::value_as() const [with T = bool]] RENDERER tried to get boolean value from option of type string_select
16:42:41.291 ERROR : src/options.cpp:547 [T options_manager::cOpt::value_as() const [with T = bool]] RENDERER tried to get boolean value from option of type string_select
16:42:41.556 ERROR : src/options.cpp:547 [T options_manager::cOpt::value_as() const [with T = bool]] RENDERER tried to get boolean value from option of type string_select
16:42:42.268 ERROR : src/options.cpp:547 [T options_manager::cOpt::value_as() const [with T = bool]] RENDERER tried to get boolean value from option of type string_select
16:42:53.948 : Log shutdown.
-----------------------------------------



-----------------------------------------
16:42:54.713 : Starting log.
16:42:54.713 INFO : Cataclysm DDA version 0.C
16:42:54.716 INFO : Number of render drivers on your system: 4
16:42:54.716 INFO : Render driver: 0/opengl
16:42:54.716 INFO : Render driver: 1/opengles2
16:42:54.716 INFO : Render driver: 2/opengles
16:42:54.716 INFO : Render driver: 3/software
16:42:54.718 INFO : Language is set to: 'zh_CN'
16:42:54.741 INFO : SDL version used during compile is 2.0.9
16:42:54.741 INFO : SDL version used during linking and in runtime is 2.0.9
16:42:54.931 INFO : Active renderer: 3/software
16:42:55.033 INFO : USE_COLOR_MODULATED_TEXTURES is set to 0
16:42:55.097 WARNING : opendir [/home/gaffey/.local/share/cataclysm-dda/mods/] failed with "没有那个文件或目录".
16:43:50.720 WARNING : opendir [/home/gaffey/.local/share/cataclysm-dda/save/坎顿/mods] failed with "没有那个文件或目录".
16:43:57.244 INFO : Loaded tileset: MSX++DEAD_PEOPLE
16:43:57.342 ERROR : (error message will follow backtrace)
	cataclysm-tiles(_Z21debug_write_backtraceRSo+0x44) [0x56287bb5c237]
	cataclysm-tiles(_Z8DebugLog10DebugLevel10DebugClass+0x11e) [0x56287bb5c803]
	cataclysm-tiles(_Z12realDebugmsgPKcS0_S0_RKNSt7__cxx1112basic_stringIcSt11char_traitsIcESaIcEEE+0x149) [0x56287bb5cdf5]
	cataclysm-tiles(_ZNK12Item_factory17check_definitionsEv+0x1a6e) [0x56287bcd0d00]
	cataclysm-tiles(_ZN17DynamicDataLoader17check_consistencyER10loading_ui+0x897) [0x56287bc65895]
	cataclysm-tiles(_ZN17DynamicDataLoader20finalize_loaded_dataER10loading_ui+0x6aa) [0x56287bc65fb8]
	cataclysm-tiles(_ZN4game19load_world_modfilesER10loading_ui+0x46c) [0x56287bbe783e]
	cataclysm-tiles(_ZN4game5setupEv+0xa7) [0x56287bbe798b]
	cataclysm-tiles(_ZN9main_menu17new_character_tabEv+0x52e) [0x56287bd5e964]
	cataclysm-tiles(_ZN9main_menu14opening_screenEv+0x74c) [0x56287bd60802]
	cataclysm-tiles(main+0x15ef) [0x56287b9c4d8f]
	/usr/lib/libc.so.6(__libc_start_main+0xf3) [0x7ff87e00e223]
	cataclysm-tiles(_start+0x2e) [0x56287b9de94e]

	Attempting to repeat stack trace using debug symbols...
	debug_write_backtrace(std::ostream&)
	??:?
	DebugLog(DebugLevel, DebugClass)
	??:?
	realDebugmsg(char const*, char const*, char const*, std::__cxx11::basic_string<char, std::char_traits<char>, std::allocator<char> > const&)
	??:?
	Item_factory::check_definitions() const
	??:?
	DynamicDataLoader::check_consistency(loading_ui&)
	??:?
	DynamicDataLoader::finalize_loaded_data(loading_ui&)
	??:?
	game::load_world_modfiles(loading_ui&)
	??:?
	game::setup()
	??:?
	main_menu::new_character_tab()
	??:?
	main_menu::opening_screen()
	??:?
	main
	??:?
	__libc_start_main
	??:?
	_start
	??:?
Backtrace emission took 0 seconds.
src/item_factory.cpp:1104 [void Item_factory::check_definitions() const] warnings for type lwfeed:
invalid magazine lw12mag in magazine adapter

16:46:35.319 : Log shutdown.
-----------------------------------------

